INFO [2020-01-01 03:27:10] [[1]]
INFO [2020-01-01 03:27:10] ven3
INFO [2020-01-01 03:27:10] 
INFO [2020-01-01 03:27:10] $filename
INFO [2020-01-01 03:27:10] NULL
INFO [2020-01-01 03:27:10] 
INFO [2020-01-01 03:27:10] $lwd
INFO [2020-01-01 03:27:10] [1] 2
INFO [2020-01-01 03:27:10] 
INFO [2020-01-01 03:27:10] $lty
INFO [2020-01-01 03:27:10] [1] 1
INFO [2020-01-01 03:27:10] 
INFO [2020-01-01 03:27:10] $fill
INFO [2020-01-01 03:27:10] c("red", "blue", "yellow")
INFO [2020-01-01 03:27:10] 
INFO [2020-01-01 03:27:10] $col
INFO [2020-01-01 03:27:10] c("red", "blue", "yellow")
INFO [2020-01-01 03:27:10] 
INFO [2020-01-01 03:27:10] $cat.col
INFO [2020-01-01 03:27:10] c("red", "blue", "yellow")
INFO [2020-01-01 03:27:10] 
INFO [2020-01-01 03:27:10] $cat.cex
INFO [2020-01-01 03:27:10] [1] 4
INFO [2020-01-01 03:27:10] 
INFO [2020-01-01 03:27:10] $rotation.degree
INFO [2020-01-01 03:27:10] [1] 0
INFO [2020-01-01 03:27:10] 
INFO [2020-01-01 03:27:10] $main
INFO [2020-01-01 03:27:10] [1] ""
INFO [2020-01-01 03:27:10] 
INFO [2020-01-01 03:27:10] $main.cex
INFO [2020-01-01 03:27:10] [1] 2
INFO [2020-01-01 03:27:10] 
INFO [2020-01-01 03:27:10] $sub
INFO [2020-01-01 03:27:10] [1] ""
INFO [2020-01-01 03:27:10] 
INFO [2020-01-01 03:27:10] $sub.cex
INFO [2020-01-01 03:27:10] [1] 1
INFO [2020-01-01 03:27:10] 
INFO [2020-01-01 03:27:10] $cex
INFO [2020-01-01 03:27:10] [1] 3
INFO [2020-01-01 03:27:10] 
INFO [2020-01-01 03:27:10] $alpha
INFO [2020-01-01 03:27:10] [1] 0.5
INFO [2020-01-01 03:27:10] 
INFO [2020-01-01 03:27:10] $reverse
INFO [2020-01-01 03:27:10] [1] TRUE
INFO [2020-01-01 03:27:10] 
INFO [2020-01-01 03:27:10] $scaled
INFO [2020-01-01 03:27:10] [1] FALSE
INFO [2020-01-01 03:27:10] 
