INFO [2020-01-01 03:07:12] [[1]]
INFO [2020-01-01 03:07:12] ven3
INFO [2020-01-01 03:07:12] 
INFO [2020-01-01 03:07:12] $filename
INFO [2020-01-01 03:07:12] NULL
INFO [2020-01-01 03:07:12] 
INFO [2020-01-01 03:07:12] $lwd
INFO [2020-01-01 03:07:12] [1] 2
INFO [2020-01-01 03:07:12] 
INFO [2020-01-01 03:07:12] $lty
INFO [2020-01-01 03:07:12] [1] 1
INFO [2020-01-01 03:07:12] 
INFO [2020-01-01 03:07:12] $fill
INFO [2020-01-01 03:07:12] c("red", "blue", "yellow")
INFO [2020-01-01 03:07:12] 
INFO [2020-01-01 03:07:12] $col
INFO [2020-01-01 03:07:12] c("red", "blue", "yellow")
INFO [2020-01-01 03:07:12] 
INFO [2020-01-01 03:07:12] $cat.col
INFO [2020-01-01 03:07:12] c("red", "blue", "yellow")
INFO [2020-01-01 03:07:12] 
INFO [2020-01-01 03:07:12] $cat.cex
INFO [2020-01-01 03:07:12] [1] 4
INFO [2020-01-01 03:07:12] 
INFO [2020-01-01 03:07:12] $rotation.degree
INFO [2020-01-01 03:07:12] [1] 0
INFO [2020-01-01 03:07:12] 
INFO [2020-01-01 03:07:12] $main
INFO [2020-01-01 03:07:12] [1] ""
INFO [2020-01-01 03:07:12] 
INFO [2020-01-01 03:07:12] $main.cex
INFO [2020-01-01 03:07:12] [1] 2
INFO [2020-01-01 03:07:12] 
INFO [2020-01-01 03:07:12] $sub
INFO [2020-01-01 03:07:12] [1] ""
INFO [2020-01-01 03:07:12] 
INFO [2020-01-01 03:07:12] $sub.cex
INFO [2020-01-01 03:07:12] [1] 1
INFO [2020-01-01 03:07:12] 
INFO [2020-01-01 03:07:12] $cex
INFO [2020-01-01 03:07:12] [1] 3
INFO [2020-01-01 03:07:12] 
INFO [2020-01-01 03:07:12] $alpha
INFO [2020-01-01 03:07:12] [1] 0.5
INFO [2020-01-01 03:07:12] 
INFO [2020-01-01 03:07:12] $reverse
INFO [2020-01-01 03:07:12] [1] TRUE
INFO [2020-01-01 03:07:12] 
INFO [2020-01-01 03:07:12] $scaled
INFO [2020-01-01 03:07:12] [1] FALSE
INFO [2020-01-01 03:07:12] 
