INFO [2020-01-01 03:20:18] [[1]]
INFO [2020-01-01 03:20:18] ven3
INFO [2020-01-01 03:20:18] 
INFO [2020-01-01 03:20:18] $filename
INFO [2020-01-01 03:20:18] NULL
INFO [2020-01-01 03:20:18] 
INFO [2020-01-01 03:20:18] $lwd
INFO [2020-01-01 03:20:18] [1] 2
INFO [2020-01-01 03:20:18] 
INFO [2020-01-01 03:20:18] $lty
INFO [2020-01-01 03:20:18] [1] 1
INFO [2020-01-01 03:20:18] 
INFO [2020-01-01 03:20:18] $fill
INFO [2020-01-01 03:20:18] c("red", "blue", "yellow")
INFO [2020-01-01 03:20:18] 
INFO [2020-01-01 03:20:18] $col
INFO [2020-01-01 03:20:18] c("red", "blue", "yellow")
INFO [2020-01-01 03:20:18] 
INFO [2020-01-01 03:20:18] $cat.col
INFO [2020-01-01 03:20:18] c("red", "blue", "yellow")
INFO [2020-01-01 03:20:18] 
INFO [2020-01-01 03:20:18] $cat.cex
INFO [2020-01-01 03:20:18] [1] 4
INFO [2020-01-01 03:20:18] 
INFO [2020-01-01 03:20:18] $rotation.degree
INFO [2020-01-01 03:20:18] [1] 0
INFO [2020-01-01 03:20:18] 
INFO [2020-01-01 03:20:18] $main
INFO [2020-01-01 03:20:18] [1] ""
INFO [2020-01-01 03:20:18] 
INFO [2020-01-01 03:20:18] $main.cex
INFO [2020-01-01 03:20:18] [1] 2
INFO [2020-01-01 03:20:18] 
INFO [2020-01-01 03:20:18] $sub
INFO [2020-01-01 03:20:18] [1] ""
INFO [2020-01-01 03:20:18] 
INFO [2020-01-01 03:20:18] $sub.cex
INFO [2020-01-01 03:20:18] [1] 1
INFO [2020-01-01 03:20:18] 
INFO [2020-01-01 03:20:18] $cex
INFO [2020-01-01 03:20:18] [1] 3
INFO [2020-01-01 03:20:18] 
INFO [2020-01-01 03:20:18] $alpha
INFO [2020-01-01 03:20:18] [1] 0.5
INFO [2020-01-01 03:20:18] 
INFO [2020-01-01 03:20:18] $reverse
INFO [2020-01-01 03:20:18] [1] TRUE
INFO [2020-01-01 03:20:18] 
INFO [2020-01-01 03:20:18] $scaled
INFO [2020-01-01 03:20:18] [1] FALSE
INFO [2020-01-01 03:20:18] 
